2023/07/31 18:31:45 [notice] 1#1: using the "epoll" event method
2023/07/31 18:31:45 [notice] 1#1: nginx/1.25.1
2023/07/31 18:31:45 [notice] 1#1: built by gcc 12.2.1 20220924 (Alpine 12.2.1_git20220924-r4) 
2023/07/31 18:31:45 [notice] 1#1: OS: Linux 5.19.0-50-generic
2023/07/31 18:31:45 [notice] 1#1: getrlimit(RLIMIT_NOFILE): 1048576:1048576
2023/07/31 18:31:45 [notice] 1#1: start worker processes
2023/07/31 18:31:45 [notice] 1#1: start worker process 29
2023/07/31 18:31:45 [notice] 1#1: start worker process 30
2023/07/31 18:31:45 [notice] 1#1: start worker process 31
2023/07/31 18:31:45 [notice] 1#1: start worker process 32
2023/07/31 18:31:45 [notice] 1#1: start worker process 33
2023/07/31 18:31:45 [notice] 1#1: start worker process 34
2023/07/31 18:31:45 [notice] 1#1: start worker process 35
2023/07/31 18:31:45 [notice] 1#1: start worker process 36
2023/07/31 18:32:08 [notice] 1#1: signal 3 (SIGQUIT) received, shutting down
2023/07/31 18:32:08 [notice] 32#32: gracefully shutting down
2023/07/31 18:32:08 [notice] 32#32: exiting
2023/07/31 18:32:08 [notice] 29#29: gracefully shutting down
2023/07/31 18:32:08 [notice] 30#30: gracefully shutting down
2023/07/31 18:32:08 [notice] 29#29: exiting
2023/07/31 18:32:08 [notice] 30#30: exiting
2023/07/31 18:32:08 [notice] 31#31: gracefully shutting down
2023/07/31 18:32:08 [notice] 32#32: exit
2023/07/31 18:32:08 [notice] 31#31: exiting
2023/07/31 18:32:08 [notice] 29#29: exit
2023/07/31 18:32:08 [notice] 30#30: exit
2023/07/31 18:32:08 [notice] 33#33: gracefully shutting down
2023/07/31 18:32:08 [notice] 33#33: exiting
2023/07/31 18:32:08 [notice] 31#31: exit
2023/07/31 18:32:08 [notice] 33#33: exit
2023/07/31 18:32:08 [notice] 34#34: gracefully shutting down
2023/07/31 18:32:08 [notice] 34#34: exiting
2023/07/31 18:32:08 [notice] 35#35: gracefully shutting down
2023/07/31 18:32:08 [notice] 35#35: exiting
2023/07/31 18:32:08 [notice] 34#34: exit
2023/07/31 18:32:08 [notice] 35#35: exit
2023/07/31 18:32:08 [notice] 36#36: gracefully shutting down
2023/07/31 18:32:08 [notice] 36#36: exiting
2023/07/31 18:32:08 [notice] 36#36: exit
2023/07/31 18:32:08 [notice] 1#1: signal 17 (SIGCHLD) received from 32
2023/07/31 18:32:08 [notice] 1#1: worker process 32 exited with code 0
2023/07/31 18:32:08 [notice] 1#1: signal 29 (SIGIO) received
2023/07/31 18:32:08 [notice] 1#1: signal 17 (SIGCHLD) received from 29
2023/07/31 18:32:08 [notice] 1#1: worker process 29 exited with code 0
2023/07/31 18:32:08 [notice] 1#1: worker process 31 exited with code 0
2023/07/31 18:32:08 [notice] 1#1: worker process 33 exited with code 0
2023/07/31 18:32:08 [notice] 1#1: signal 29 (SIGIO) received
2023/07/31 18:32:08 [notice] 1#1: signal 17 (SIGCHLD) received from 31
2023/07/31 18:32:08 [notice] 1#1: worker process 36 exited with code 0
2023/07/31 18:32:08 [notice] 1#1: signal 29 (SIGIO) received
2023/07/31 18:32:08 [notice] 1#1: signal 17 (SIGCHLD) received from 34
2023/07/31 18:32:08 [notice] 1#1: worker process 34 exited with code 0
2023/07/31 18:32:08 [notice] 1#1: signal 29 (SIGIO) received
2023/07/31 18:32:08 [notice] 1#1: signal 17 (SIGCHLD) received from 35
2023/07/31 18:32:08 [notice] 1#1: worker process 35 exited with code 0
2023/07/31 18:32:08 [notice] 1#1: signal 17 (SIGCHLD) received from 30
2023/07/31 18:32:08 [notice] 1#1: worker process 30 exited with code 0
2023/07/31 18:32:08 [notice] 1#1: exit
2023/07/31 18:32:28 [notice] 1#1: using the "epoll" event method
2023/07/31 18:32:28 [notice] 1#1: nginx/1.25.1
2023/07/31 18:32:28 [notice] 1#1: built by gcc 12.2.1 20220924 (Alpine 12.2.1_git20220924-r4) 
2023/07/31 18:32:28 [notice] 1#1: OS: Linux 5.19.0-50-generic
2023/07/31 18:32:28 [notice] 1#1: getrlimit(RLIMIT_NOFILE): 1048576:1048576
2023/07/31 18:32:28 [notice] 1#1: start worker processes
2023/07/31 18:32:28 [notice] 1#1: start worker process 29
2023/07/31 18:32:28 [notice] 1#1: start worker process 30
2023/07/31 18:32:28 [notice] 1#1: start worker process 31
2023/07/31 18:32:28 [notice] 1#1: start worker process 32
2023/07/31 18:32:28 [notice] 1#1: start worker process 33
2023/07/31 18:32:28 [notice] 1#1: start worker process 34
2023/07/31 18:32:28 [notice] 1#1: start worker process 35
2023/07/31 18:32:28 [notice] 1#1: start worker process 36
2023/07/31 18:32:47 [error] 29#29: *1 directory index of "/var/www/html/" is forbidden, client: 172.27.0.1, server: , request: "GET / HTTP/1.1", host: "localhost:8080"
2023/07/31 19:15:02 [notice] 1#1: signal 3 (SIGQUIT) received, shutting down
2023/07/31 19:15:02 [notice] 30#30: gracefully shutting down
2023/07/31 19:15:02 [notice] 32#32: gracefully shutting down
2023/07/31 19:15:02 [notice] 30#30: exiting
2023/07/31 19:15:02 [notice] 29#29: gracefully shutting down
2023/07/31 19:15:02 [notice] 32#32: exiting
2023/07/31 19:15:02 [notice] 29#29: exiting
2023/07/31 19:15:02 [notice] 31#31: gracefully shutting down
2023/07/31 19:15:02 [notice] 31#31: exiting
2023/07/31 19:15:02 [notice] 30#30: exit
2023/07/31 19:15:02 [notice] 29#29: exit
2023/07/31 19:15:02 [notice] 32#32: exit
2023/07/31 19:15:02 [notice] 31#31: exit
2023/07/31 19:15:02 [notice] 33#33: gracefully shutting down
2023/07/31 19:15:02 [notice] 35#35: gracefully shutting down
2023/07/31 19:15:02 [notice] 36#36: gracefully shutting down
2023/07/31 19:15:02 [notice] 33#33: exiting
2023/07/31 19:15:02 [notice] 35#35: exiting
2023/07/31 19:15:02 [notice] 36#36: exiting
2023/07/31 19:15:02 [notice] 33#33: exit
2023/07/31 19:15:02 [notice] 35#35: exit
2023/07/31 19:15:02 [notice] 36#36: exit
2023/07/31 19:15:02 [notice] 34#34: gracefully shutting down
2023/07/31 19:15:02 [notice] 34#34: exiting
2023/07/31 19:15:02 [notice] 34#34: exit
2023/07/31 19:15:02 [notice] 1#1: signal 17 (SIGCHLD) received from 30
2023/07/31 19:15:02 [notice] 1#1: worker process 30 exited with code 0
2023/07/31 19:15:02 [notice] 1#1: worker process 32 exited with code 0
2023/07/31 19:15:02 [notice] 1#1: worker process 31 exited with code 0
2023/07/31 19:15:02 [notice] 1#1: worker process 33 exited with code 0
2023/07/31 19:15:02 [notice] 1#1: signal 29 (SIGIO) received
2023/07/31 19:15:02 [notice] 1#1: signal 17 (SIGCHLD) received from 33
2023/07/31 19:15:02 [notice] 1#1: signal 17 (SIGCHLD) received from 36
2023/07/31 19:15:02 [notice] 1#1: worker process 36 exited with code 0
2023/07/31 19:15:02 [notice] 1#1: signal 29 (SIGIO) received
2023/07/31 19:15:02 [notice] 1#1: signal 17 (SIGCHLD) received from 35
2023/07/31 19:15:02 [notice] 1#1: worker process 29 exited with code 0
2023/07/31 19:15:02 [notice] 1#1: worker process 35 exited with code 0
2023/07/31 19:15:02 [notice] 1#1: signal 17 (SIGCHLD) received from 29
2023/07/31 19:15:02 [notice] 1#1: worker process 34 exited with code 0
2023/07/31 19:15:02 [notice] 1#1: exit
2023/07/31 19:15:37 [notice] 1#1: using the "epoll" event method
2023/07/31 19:15:37 [notice] 1#1: nginx/1.25.1
2023/07/31 19:15:37 [notice] 1#1: built by gcc 12.2.1 20220924 (Alpine 12.2.1_git20220924-r4) 
2023/07/31 19:15:37 [notice] 1#1: OS: Linux 5.19.0-50-generic
2023/07/31 19:15:37 [notice] 1#1: getrlimit(RLIMIT_NOFILE): 1048576:1048576
2023/07/31 19:15:37 [notice] 1#1: start worker processes
2023/07/31 19:15:37 [notice] 1#1: start worker process 29
2023/07/31 19:15:37 [notice] 1#1: start worker process 30
2023/07/31 19:15:37 [notice] 1#1: start worker process 31
2023/07/31 19:15:37 [notice] 1#1: start worker process 32
2023/07/31 19:15:37 [notice] 1#1: start worker process 33
2023/07/31 19:15:37 [notice] 1#1: start worker process 34
2023/07/31 19:15:37 [notice] 1#1: start worker process 35
2023/07/31 19:15:37 [notice] 1#1: start worker process 36
2023/07/31 19:15:55 [notice] 1#1: signal 3 (SIGQUIT) received, shutting down
2023/07/31 19:15:55 [notice] 29#29: gracefully shutting down
2023/07/31 19:15:55 [notice] 30#30: gracefully shutting down
2023/07/31 19:15:55 [notice] 32#32: gracefully shutting down
2023/07/31 19:15:55 [notice] 34#34: gracefully shutting down
2023/07/31 19:15:55 [notice] 29#29: exiting
2023/07/31 19:15:55 [notice] 36#36: gracefully shutting down
2023/07/31 19:15:55 [notice] 35#35: gracefully shutting down
2023/07/31 19:15:55 [notice] 30#30: exiting
2023/07/31 19:15:55 [notice] 32#32: exiting
2023/07/31 19:15:55 [notice] 34#34: exiting
2023/07/31 19:15:55 [notice] 36#36: exiting
2023/07/31 19:15:55 [notice] 35#35: exiting
2023/07/31 19:15:55 [notice] 29#29: exit
2023/07/31 19:15:55 [notice] 30#30: exit
2023/07/31 19:15:55 [notice] 34#34: exit
2023/07/31 19:15:55 [notice] 36#36: exit
2023/07/31 19:15:55 [notice] 32#32: exit
2023/07/31 19:15:55 [notice] 35#35: exit
2023/07/31 19:15:55 [notice] 33#33: gracefully shutting down
2023/07/31 19:15:55 [notice] 33#33: exiting
2023/07/31 19:15:55 [notice] 33#33: exit
2023/07/31 19:15:55 [notice] 31#31: gracefully shutting down
2023/07/31 19:15:55 [notice] 31#31: exiting
2023/07/31 19:15:55 [notice] 31#31: exit
2023/07/31 19:15:55 [notice] 1#1: signal 17 (SIGCHLD) received from 36
2023/07/31 19:15:55 [notice] 1#1: worker process 36 exited with code 0
2023/07/31 19:15:55 [notice] 1#1: signal 29 (SIGIO) received
2023/07/31 19:15:55 [notice] 1#1: signal 17 (SIGCHLD) received from 30
2023/07/31 19:15:55 [notice] 1#1: worker process 30 exited with code 0
2023/07/31 19:15:55 [notice] 1#1: signal 29 (SIGIO) received
2023/07/31 19:15:55 [notice] 1#1: signal 17 (SIGCHLD) received from 31
2023/07/31 19:15:55 [notice] 1#1: worker process 29 exited with code 0
2023/07/31 19:15:55 [notice] 1#1: worker process 31 exited with code 0
2023/07/31 19:15:55 [notice] 1#1: signal 29 (SIGIO) received
2023/07/31 19:15:55 [notice] 1#1: signal 17 (SIGCHLD) received from 29
2023/07/31 19:15:55 [notice] 1#1: signal 17 (SIGCHLD) received from 34
2023/07/31 19:15:55 [notice] 1#1: worker process 32 exited with code 0
2023/07/31 19:15:55 [notice] 1#1: worker process 34 exited with code 0
2023/07/31 19:15:55 [notice] 1#1: worker process 35 exited with code 0
2023/07/31 19:15:55 [notice] 1#1: signal 29 (SIGIO) received
2023/07/31 19:15:55 [notice] 1#1: signal 17 (SIGCHLD) received from 32
2023/07/31 19:15:55 [notice] 1#1: signal 17 (SIGCHLD) received from 33
2023/07/31 19:15:55 [notice] 1#1: worker process 33 exited with code 0
2023/07/31 19:15:55 [notice] 1#1: exit
2023/07/31 19:25:55 [notice] 1#1: using the "epoll" event method
2023/07/31 19:25:55 [notice] 1#1: nginx/1.25.1
2023/07/31 19:25:55 [notice] 1#1: built by gcc 12.2.1 20220924 (Alpine 12.2.1_git20220924-r4) 
2023/07/31 19:25:55 [notice] 1#1: OS: Linux 5.19.0-50-generic
2023/07/31 19:25:55 [notice] 1#1: getrlimit(RLIMIT_NOFILE): 1048576:1048576
2023/07/31 19:25:55 [notice] 1#1: start worker processes
2023/07/31 19:25:55 [notice] 1#1: start worker process 28
2023/07/31 19:25:55 [notice] 1#1: start worker process 29
2023/07/31 19:25:55 [notice] 1#1: start worker process 30
2023/07/31 19:25:55 [notice] 1#1: start worker process 31
2023/07/31 19:25:55 [notice] 1#1: start worker process 32
2023/07/31 19:25:55 [notice] 1#1: start worker process 33
2023/07/31 19:25:55 [notice] 1#1: start worker process 34
2023/07/31 19:25:55 [notice] 1#1: start worker process 35
